
 PRINT ELEMENT TABLE ITEMS PER ELEMENT
 
  ***** POST1 ELEMENT TABLE LISTING *****                                      
 
    STAT     CURRENT 
    ELEM     SMIS1   
       1   0.0000     
       2   1.0874     
       3   1.0874     
       4  -53.387     
       5  -54.475     
       6  -53.387     
       7   1.1295     
       8   1.4289     
       9   1.4289     
      10   56.754     
      11   1.4289     
      12   0.0000     
      13   1.4289     
      14   56.754     
      15  -112.77     
      16   110.62     
      17  -1.5378     
      18  -80.222     
      19   78.201     
      20   77.039     
      21  -79.060     
      22  -2.0208     
      23  -1.5378     
      24 -0.48303     
      25  -1.6376     
      26 -0.38320     
      27  0.11197E-001
      28  0.11197E-001
      29  0.11197E-001
      30  -165.86     
      31  0.11197E-001
      32  -165.86     
      33   110.62     
      34 -0.21223     
      35 -0.21223     
      36   166.83     
      37 -0.21223     
      38  -112.77     
      39 -0.21223     
      40   166.83     
      41  -223.15     
 
  ***** POST1 ELEMENT TABLE LISTING *****                                      
 
    STAT     CURRENT 
    ELEM     SMIS1   
      42   222.50     
      43 -0.15835E-001
      44  -78.217     
      45   78.517     
      46   79.044     
      47  -78.744     
      48  0.30013     
      49  0.46720     
      50 -0.16706     
      51  0.36737     
      52 -0.67233E-001
      53  0.19546     
      54  0.19546     
      55  0.19546     
      56  -277.06     
      57  0.19546     
      58  -277.06     
      59   222.50     
      60 -0.12406     
      61 -0.12406     
      62   278.16     
      63 -0.12406     
      64  -223.15     
      65 -0.12406     
      66   278.16     
      67  -334.98     
      68   332.93     
      69 -0.27642     
      70  -78.793     
      71   78.969     
      72   78.467     
      73  -78.292     
      74  0.17545     
      75 -0.10936     
      76  0.28480     
      77 -0.20919     
      78  0.38463     
      79 -0.38731     
      80 -0.38731     
      81 -0.38731     
      82  -388.15     
 
  ***** POST1 ELEMENT TABLE LISTING *****                                      
 
    STAT     CURRENT 
    ELEM     SMIS1   
      83 -0.38731     
      84  -388.15     
      85   332.93     
      86   2.7436     
      87   2.7436     
      88   389.61     
      89   2.7436     
      90  -334.98     
      91   2.7436     
      92   389.61     
      93  -440.02     
      94   450.14     
      95  0.54774     
      96  -78.421     
      97   74.541     
      98   78.839     
      99  -82.720     
     100  -3.8801     
     101  0.26294     
     102  -4.1430     
     103  0.16311     
     104  -4.0432     
     105   5.7857     
     106  -105.41     
     107   5.7857     
     108  -388.22     
     109   5.7857     
     110  -388.22     
     111   450.14     
     112   2.7437     
     113   2.7437     
     114   389.68     
     115   2.7437     
     116  -440.02     
     117   2.7437     
     118   389.68     
     119  -334.84     
     120   332.79     
     121  -8.1821     
     122   74.537     
     123  -78.418     
 
  ***** POST1 ELEMENT TABLE LISTING *****                                      
 
    STAT     CURRENT 
    ELEM     SMIS1   
     124  -82.723     
     125   78.843     
     126  -3.8802     
     127  -4.0391     
     128  0.15893     
     129  -4.1390     
     130  0.25876     
     131 -0.38716     
     132 -0.38716     
     133 -0.38716     
     134  -277.27     
     135 -0.38716     
     136  -277.27     
     137   332.79     
     138 -0.12574     
     139 -0.12574     
     140   278.37     
     141 -0.12574     
     142  -334.84     
     143 -0.12574     
     144   278.37     
     145  -222.87     
     146   222.22     
     147  0.54753     
     148   78.965     
     149  -78.787     
     150  -78.295     
     151   78.473     
     152  0.17782     
     153  0.38859     
     154 -0.21077     
     155  0.28876     
     156 -0.11094     
     157  0.20278     
     158  0.20278     
     159  0.20278     
     160  -166.19     
     161  0.20278     
     162  -166.19     
     163   222.22     
     164 -0.23495     
 
  ***** POST1 ELEMENT TABLE LISTING *****                                      
 
    STAT     CURRENT 
    ELEM     SMIS1   
     165 -0.23495     
     166   167.20     
     167 -0.23495     
     168  -222.87     
     169 -0.23495     
     170   167.20     
     171  -112.43     
     172   110.11     
     173 -0.28677     
     174   78.501     
     175  -78.168     
     176  -78.760     
     177   79.092     
     178  0.33227     
     179 -0.75997E-001
     180  0.40827     
     181 -0.17583     
     182  0.50810     
     183  0.63807E-001
     184  0.63807E-001
     185  0.63807E-001
     186  -53.630     
     187  0.63807E-001
     188  -53.630     
     189   110.11     
     190   1.3565     
     191   1.3565     
     192   57.499     
     193   1.3565     
     194  -112.43     
     195   1.3565     
     196   57.499     
     197  0.29140E-015
     198   0.0000     
     199 -0.90237E-001
     200   78.078     
     201  -79.996     
     202  -79.182     
     203   77.264     
     204  -1.9184     
     205 -0.49850     
 
  ***** POST1 ELEMENT TABLE LISTING *****                                      
 
    STAT     CURRENT 
    ELEM     SMIS1   
     206  -1.4199     
     207 -0.59833     
     208  -1.3200     
     209   1.0040     
     210   0.0000     
     211  -54.634     
     212   1.0040     
     213  -1.4199     

 MINIMUM VALUES
 ELEM         93
 VALUE   -440.02     

 MAXIMUM VALUES
 ELEM         94
 VALUE    450.14     

