
 PRINT U    NODAL SOLUTION PER NODE
 
  ***** POST1 NODAL DEGREE OF FREEDOM LISTING *****                            
 
  LOAD STEP=     1  SUBSTEP=     1                                             
   TIME=    1.0000      LOAD CASE=   0                                         
 
  THE FOLLOWING DEGREE OF FREEDOM RESULTS ARE IN THE GLOBAL COORDINATE SYSTEM  
 
    NODE       UX           UY           UZ           USUM  
       1   0.0000       0.0000       0.0000       0.0000     
       2  0.10260E-006-0.34152E-003 0.40011E-006 0.34152E-003
       3  0.10151E-004-0.66876E-003-0.98786E-005 0.66891E-003
       4  0.20199E-004-0.97590E-003-0.55566E-007 0.97611E-003
       5  0.40411E-004-0.12529E-002-0.20505E-004 0.12537E-002
       6  0.60622E-004-0.14893E-002-0.44597E-006 0.14906E-002
       7  0.90863E-004-0.16754E-002-0.30872E-004 0.16782E-002
       8  0.12111E-003-0.18012E-002-0.98524E-006 0.18053E-002
       9  0.16199E-003-0.18576E-002-0.43075E-004 0.18652E-002
      10  0.20288E-003-0.18012E-002-0.84900E-006 0.18126E-002
      11  0.23311E-003-0.16754E-002-0.30613E-004 0.16918E-002
      12  0.26334E-003-0.14894E-002-0.88246E-007 0.15125E-002
      13  0.28353E-003-0.12529E-002-0.20088E-004 0.12847E-002
      14  0.30371E-003-0.97593E-003 0.37273E-006 0.10221E-002
      15  0.31371E-003-0.66876E-003-0.95065E-005 0.73875E-003
      16  0.32372E-003-0.34156E-003 0.64693E-006 0.47059E-003
      17  0.32372E-003  0.0000       0.0000      0.32372E-003
      18  0.32268E-003-0.49483E-005-0.47692E-006 0.32272E-003
      19  0.31783E-003-0.34139E-003-0.19984E-005 0.46644E-003
      20  0.31298E-003-0.66876E-003-0.12592E-004 0.73848E-003
      21  0.29792E-003-0.97592E-003-0.28126E-005 0.10204E-002
      22  0.28285E-003-0.12529E-002-0.23257E-004 0.12846E-002
      23  0.25768E-003-0.14894E-002-0.31823E-005 0.15115E-002
      24  0.23252E-003-0.16755E-002-0.33496E-004 0.16918E-002
      25  0.19726E-003-0.18009E-002-0.30913E-005 0.18117E-002
      26  0.16200E-003-0.18571E-002-0.42000E-004 0.18646E-002
      27  0.12673E-003-0.18009E-002-0.29537E-005 0.18054E-002
      28  0.91468E-004-0.16755E-002-0.33234E-004 0.16783E-002
      29  0.66282E-004-0.14894E-002-0.28208E-005 0.14909E-002
      30  0.41095E-004-0.12529E-002-0.22836E-004 0.12537E-002
      31  0.25999E-004-0.97596E-003-0.23824E-005 0.97630E-003
      32  0.10903E-004-0.66876E-003-0.12223E-004 0.66896E-003
      33  0.60315E-005-0.34143E-003-0.17578E-005 0.34149E-003
      34  0.11600E-005-0.49628E-005-0.44035E-006 0.51155E-005
      35  0.32379E-003 0.98774E-007-0.37815E-006 0.32379E-003
      36  0.32379E-003-0.33837E-003-0.18686E-005 0.46833E-003
      37  0.31355E-003-0.66605E-003-0.12591E-004 0.73627E-003
 
  ***** POST1 NODAL DEGREE OF FREEDOM LISTING *****                            
 
  LOAD STEP=     1  SUBSTEP=     1                                             
   TIME=    1.0000      LOAD CASE=   0                                         
 
  THE FOLLOWING DEGREE OF FREEDOM RESULTS ARE IN THE GLOBAL COORDINATE SYSTEM  
 
    NODE       UX           UY           UZ           USUM  
      38  0.30331E-003-0.97326E-003-0.28319E-005 0.10194E-002
      39  0.28304E-003-0.12502E-002-0.23240E-004 0.12820E-002
      40  0.26277E-003-0.14867E-002-0.31936E-005 0.15097E-002
      41  0.23234E-003-0.16727E-002-0.33531E-004 0.16891E-002
      42  0.20191E-003-0.17976E-002-0.28421E-005 0.18089E-002
      43  0.16194E-003-0.18607E-002-0.41475E-004 0.18682E-002
      44  0.12197E-003-0.17976E-002-0.27045E-005 0.18018E-002
      45  0.91553E-004-0.16727E-002-0.33269E-004 0.16755E-002
      46  0.61137E-004-0.14867E-002-0.28322E-005 0.14880E-002
      47  0.40893E-004-0.12502E-002-0.22818E-004 0.12511E-002
      48  0.20649E-004-0.97330E-003-0.24038E-005 0.97352E-003
      49  0.10436E-004-0.66607E-003-0.12218E-004 0.66626E-003
      50  0.22367E-006-0.33843E-003-0.16346E-005 0.33844E-003
      51  0.22367E-006 0.91200E-007-0.34915E-006 0.42456E-006
      52   0.0000       0.0000       0.0000       0.0000     
      53  0.51553E-005-0.33850E-003 0.52991E-006 0.33854E-003
      54  0.10311E-004-0.66605E-003-0.98776E-005 0.66621E-003
      55  0.25465E-004-0.97324E-003-0.74844E-007 0.97357E-003
      56  0.40619E-004-0.12502E-002-0.20487E-004 0.12510E-002
      57  0.65886E-004-0.14867E-002-0.45723E-006 0.14881E-002
      58  0.91153E-004-0.16726E-002-0.30908E-004 0.16754E-002
      59  0.12654E-003-0.17979E-002-0.73602E-006 0.18023E-002
      60  0.16193E-003-0.18511E-002-0.42549E-004 0.18587E-002
      61  0.19733E-003-0.17979E-002-0.59977E-006 0.18087E-002
      62  0.23273E-003-0.16726E-002-0.30648E-004 0.16890E-002
      63  0.25802E-003-0.14867E-002-0.99668E-007 0.15089E-002
      64  0.28330E-003-0.12502E-002-0.20069E-004 0.12821E-002
      65  0.29849E-003-0.97328E-003 0.35139E-006 0.10180E-002
      66  0.31368E-003-0.66607E-003-0.95007E-005 0.73630E-003
      67  0.31890E-003-0.33856E-003 0.77015E-006 0.46510E-003
      68  0.32412E-003  0.0000       0.0000      0.32412E-003

 MAXIMUM ABSOLUTE VALUES
 NODE         68           43            9           43
 VALUE   0.32412E-003-0.18607E-002-0.43075E-004 0.18682E-002

